<?xml version="1.0" encoding="UTF-8"?>
<!-- Generated by org.testng.reporters.JUnitXMLReporter -->
<testsuite ignored="2" hostname="DESKTOP-38JQG8D" failures="0" tests="0" time="0.031" errors="0" timestamp="2023-11-22T18:08:36 IST">
  <testcase classname="FrameWork_TestClasses.tests.SubmitOrder" name="submitOrder" time="0.0">
    <ignored/>
  </testcase> <!-- submitOrder -->
  <testcase classname="FrameWork_TestClasses.tests.SubmitOrder" name="OrderhistoryTest" time="0.0">
    <ignored/>
  </testcase> <!-- OrderhistoryTest -->
</testsuite>
